<?xml version="1.0" encoding="UTF-8"?>
<!-- Generated by org.testng.reporters.JUnitReportReporter -->
<testsuite hostname="gurlaptop193" failures="0" tests="2" name="testNg.Basic2" time="0.005" errors="0" timestamp="2021-04-26T21:15:55 IST" skipped="0">
  <testcase classname="testNg.Basic2" name="demo3" time="0.002"/>
  <system-out/>
  <testcase classname="testNg.Basic2" name="demo3" time="0.003"/>
  <system-out/>
</testsuite> <!-- testNg.Basic2 -->
