<?xml version="1.0" encoding="UTF-8"?>
<!-- Generated by org.testng.reporters.JUnitReportReporter -->
<testsuite hostname="gurlaptop193" failures="0" tests="7" name="testNg.Basic4" time="0.018" errors="0" timestamp="2021-04-26T21:15:55 IST" skipped="0">
  <testcase classname="testNg.Basic4" name="HouseLoanAPI" time="0.004"/>
  <system-out/>
  <testcase classname="testNg.Basic4" name="carloanAPI" time="0.002"/>
  <system-out/>
  <testcase classname="testNg.Basic4" name="carloanAPI" time="0.002"/>
  <system-out/>
  <testcase classname="testNg.Basic4" name="MobileloanAPI" time="0.002"/>
  <system-out/>
  <testcase classname="testNg.Basic4" name="MobileloanAPI" time="0.002"/>
  <system-out/>
  <testcase classname="testNg.Basic4" name="HouseLoanAPI" time="0.004"/>
  <system-out/>
  <testcase classname="testNg.Basic4" name="MobileloanAPI" time="0.002"/>
  <system-out/>
</testsuite> <!-- testNg.Basic4 -->
