<?xml version="1.0" encoding="UTF-8"?>
<!-- Generated by org.testng.reporters.JUnitReportReporter -->
<testsuite hostname="gurlaptop193" failures="0" tests="3" name="testNg.Basic" time="0.014" errors="0" timestamp="2021-04-26T21:15:55 IST" skipped="0">
  <testcase classname="testNg.Basic" name="newdemo" time="0.002"/>
  <system-out/>
  <testcase classname="testNg.Basic" name="newdemo" time="0.004"/>
  <system-out/>
  <testcase classname="testNg.Basic" name="Demo" time="0.008"/>
  <system-out/>
</testsuite> <!-- testNg.Basic -->
