<?xml version="1.0" encoding="UTF-8"?>
<!-- Generated by org.testng.reporters.JUnitReportReporter -->
<testsuite hostname="gurlaptop193" failures="0" tests="4" name="testNg.Basic3" time="0.004" errors="0" timestamp="2021-04-26T21:15:55 IST" skipped="2">
  <testcase classname="testNg.Basic3" name="HouseLoan" time="0.002"/>
  <system-out/>
  <testcase classname="testNg.Basic3" name="Mobileloan" time="0.002"/>
  <system-out/>
  <testcase classname="testNg.Basic3" name="carloan">
    <skipped/>
  </testcase> <!-- carloan -->
  <system-out/>
  <testcase classname="testNg.Basic3" name="carloan">
    <skipped/>
  </testcase> <!-- carloan -->
  <system-out/>
</testsuite> <!-- testNg.Basic3 -->
